<?xml version="1.0" encoding="UTF-8"?>
<!-- Generated by org.testng.reporters.JUnitReportReporter -->
<testsuite hostname="DESKTOP-NHFS6F4" failures="0" tests="1" name="testCases.HadnleExcelOneSep" time="1.168" errors="0" timestamp="2023-10-18T18:11:11 IST" skipped="0">
  <testcase classname="testCases.HadnleExcelOneSep" name="loginFunction" time="1.168"/>
</testsuite> <!-- testCases.HadnleExcelOneSep -->
