<?xml version="1.0" encoding="UTF-8"?>
<!-- Generated by org.testng.reporters.JUnitReportReporter -->
<testsuite hostname="DESKTOP-NHFS6F4" failures="0" tests="1" name="testCases.HandlingExcelsheet" time="0.739" errors="0" timestamp="2023-10-04T18:49:28 IST" skipped="0">
  <testcase classname="testCases.HandlingExcelsheet" name="loginFunctionality" time="0.739"/>
</testsuite> <!-- testCases.HandlingExcelsheet -->
