<?xml version="1.0" encoding="UTF-8"?>
<!-- Generated by org.testng.reporters.JUnitReportReporter -->
<testsuite hostname="DESKTOP-NHFS6F4" failures="0" tests="1" name="testCases.VerifyloginSixSeptBase" time="16.818" errors="0" timestamp="2023-10-12T20:35:43 IST" skipped="0">
  <testcase classname="testCases.VerifyloginSixSeptBase" name="login" time="16.818"/>
</testsuite> <!-- testCases.VerifyloginSixSeptBase -->
