<?xml version="1.0" encoding="UTF-8"?>
<!-- Generated by org.testng.reporters.JUnitReportReporter -->
<testsuite hostname="DESKTOP-NHFS6F4" failures="0" tests="1" name="testCases.SignupExcelNineSept" time="10.778" errors="0" timestamp="2023-10-18T18:40:42 IST" skipped="0">
  <testcase classname="testCases.SignupExcelNineSept" name="SigupExcel" time="10.778"/>
</testsuite> <!-- testCases.SignupExcelNineSept -->
