<?xml version="1.0" encoding="UTF-8"?>
<!-- Generated by org.testng.reporters.JUnitReportReporter -->
<testsuite hostname="DESKTOP-NHFS6F4" failures="0" tests="1" name="testCases.ScreenhotCaptreFiveSep" time="6.241" errors="0" timestamp="2023-10-09T21:56:17 IST" skipped="0">
  <testcase classname="testCases.ScreenhotCaptreFiveSep" name="screenshot" time="6.241"/>
</testsuite> <!-- testCases.ScreenhotCaptreFiveSep -->
