<?xml version="1.0" encoding="UTF-8"?>
<!-- Generated by org.testng.reporters.JUnitReportReporter -->
<testsuite hostname="DESKTOP-NHFS6F4" failures="0" tests="1" name="testCases.tessssss" time="6.963" errors="0" timestamp="2023-10-15T21:02:38 IST" skipped="0">
  <testcase classname="testCases.tessssss" name="login" time="6.963"/>
</testsuite> <!-- testCases.tessssss -->
